<testsuites name="tdb-app tests">
  <testsuite name="/src/app/reducers/projects.test.js" errors="0" failures="0" skipped="0" timestamp="2018-01-04T09:41:09" time="0.887" tests="1">
    <testcase classname="projects reducer-should return the initial state" name="projects reducer-should return the initial state" time="0.004">
    </testcase>
  </testsuite>
</testsuites>